- Conndb2: True
- Truncate table: True
[+] Connect to db2 OK
[+] GetMaxID: 0
[+] Connect To db1 OK
[+] Connect To db2 OK
[+] set IDENTITY_INSERT on OK
[+] Insert and Update Password for Account(1) N'tes' OK
[+] Insert and Update Password for Account(5) N'te' OK
[+] Insert and Update Password for Account(7) N'123' OK
[+] Insert and Update Password for Account(10) N'1234' OK
[+] Insert and Update Password for Account(12) N'test2' OK
[+] Insert and Update Password for Account(13) N'asdf' OK
[+] Insert and Update Password for Account(15) N'asdf1' OK
[+] Insert and Update Password for Account(16) N'Gage' OK
[+] Insert and Update Password for Account(18) N'Paul' OK
[+] Insert and Update Password for Account(22) N'Paul1' OK
[+] Insert and Update Password for Account(24) N'gg' OK
[+] Insert and Update Password for Account(26) N'Paulx' OK
[+] Insert and Update Password for Account(32) N'Pauldd' OK
[+] Insert and Update Password for Account(40) N'Paul66' OK
[+] Insert and Update Password for Account(44) N'Paul6' OK
[+] Insert and Update Password for Account(50) N'Paulddd' OK
[+] Insert and Update Password for Account(60) N'Paul4234' OK
[+] Insert and Update Password for Account(69) N'Paulyyy' OK
[+] Insert and Update Password for Account(76) N's1' OK
[+] Insert and Update Password for Account(77) N'paul2' OK
[+] Insert and Update Password for Account(78) N'keen01' OK
[+] Insert and Update Password for Account(79) N'xuke' OK
[+] Insert and Update Password for Account(81) N'keen02' OK
[+] Insert and Update Password for Account(87) N'Gage01' OK
[+] Insert and Update Password for Account(88) N'Gage02' OK
[+] Insert and Update Password for Account(91) N'paul5' OK
[+] Insert and Update Password for Account(93) N'pual6' OK
[+] Insert and Update Password for Account(95) N'paul3' OK
[+] Insert and Update Password for Account(96) N'keen' OK
[+] Insert and Update Password for Account(100) N'xuke1' OK
[+] Insert and Update Password for Account(101) N'xuke2' OK
[+] Insert and Update Password for Account(103) N'xuke4' OK
[+] Insert and Update Password for Account(104) N'keen04' OK
[+] Insert and Update Password for Account(105) N'dsf' OK
[+] Insert and Update Password for Account(106) N'sdf' OK
[+] Insert and Update Password for Account(107) N'xuke3' OK
[+] Insert and Update Password for Account(109) N'xk' OK
[+] Insert and Update Password for Account(110) N'Gage1' OK
[+] Insert and Update Password for Account(111) N'Gage2' OK
[+] Insert and Update Password for Account(112) N'12345' OK
[+] Insert and Update Password for Account(113) N'Fingerbang' OK
[+] Insert and Update Password for Account(114) N'keen9' OK
[+] Insert and Update Password for Account(115) N'xxxxxxxxxxxxxxxx' OK
[+] Insert and Update Password for Account(116) N'' OK
[+] Insert and Update Password for Account(117) N'123456' OK
[+] Insert and Update Password for Account(120) N'v' OK
[+] Insert and Update Password for Account(121) N'gageºÃ' OK
[+] Insert and Update Password for Account(122) N'sam' OK
[+] Insert and Update Password for Account(123) N'testing1' OK
[+] Insert and Update Password for Account(124) N'testing2' OK
[+] Insert and Update Password for Account(125) N'sam01' OK
[+] Insert and Update Password for Account(126) N'sam02' OK
[+] Insert and Update Password for Account(127) N'samm' OK
[+] Insert and Update Password for Account(128) N'keen221' OK
[+] Insert and Update Password for Account(129) N'rolandtest' OK
[+] Insert and Update Password for Account(130) N'kevin01' OK
[+] Insert and Update Password for Account(131) N'feng11' OK
[+] Insert and Update Password for Account(132) N'Panhong' OK
[+] Insert and Update Password for Account(133) N'bugg' OK
[+] Insert and Update Password for Account(134) N'ivy' OK
[+] Insert and Update Password for Account(135) N'kevin03' OK
[+] Insert and Update Password for Account(136) N'sonilics' OK
[+] Insert and Update Password for Account(137) N'simbad' OK
[+] Insert and Update Password for Account(138) N'roland' OK
[+] Insert and Update Password for Account(139) N'jim' OK
[+] Insert and Update Password for Account(140) N'Panhong2' OK
[+] Insert and Update Password for Account(141) N'feng111' OK
[+] Insert and Update Password for Account(142) N'jun' OK
[+] Insert and Update Password for Account(143) N'yalee' OK
[+] Insert and Update Password for Account(144) N'turhun' OK
[+] Insert and Update Password for Account(145) N'graeme' OK
[+] Insert and Update Password for Account(146) N'potion' OK
[+] Insert and Update Password for Account(147) N'nan' OK
[+] Insert and Update Password for Account(148) N'Adrian' OK
[+] Insert and Update Password for Account(149) N'sunicdavy' OK
[+] Insert and Update Password for Account(150) N'fengkai' OK
[+] Insert and Update Password for Account(151) N'jessie' OK
[+] Update 77 record OK
